#
# An unexpected error has been detected by Java Runtime Environment:
#
#  EXCEPTION_ACCESS_VIOLATION (0xc0000005) at pc=0x774962e0, pid=42020, tid=42920
#
# Java VM: Java HotSpot(TM) Client VM (11.3-b02 mixed mode windows-x86)
# Problematic frame:
# C  [ntdll.dll+0x562e0]
#
# If you would like to submit a bug report, please visit:
#   http://java.sun.com/webapps/bugreport/crash.jsp
#

---------------  T H R E A D  ---------------

Current thread (0x018c1400):  JavaThread "JDWP Command Reader" daemon [_thread_in_vm, id=42920, stack(0x0c390000,0x0c3e0000)]

siginfo: ExceptionCode=0xc0000005, writing address 0x004304f0

Registers:
EAX=0x0edd89b8, EBX=0x003eb700, ECX=0x77504f98, EDX=0x000007ff
ESP=0x0c3df82c, EBP=0x0c3df854, ESI=0x004304f0, EDI=0x003e0000
EIP=0x774962e0, EFLAGS=0x00010206

Top of Stack: (sp=0x0c3df82c)
0x0c3df82c:   003e0000 003eb700 00000000 f0ec5210
0x0c3df83c:   0000000a 0c3df820 6da8de48 0c3df93c
0x0c3df84c:   7745e15d 0176947f 0c3df94c 77496577
0x0c3df85c:   003e0000 004304f0 0c3df91c 00000000
0x0c3df86c:   7a0270db 00000000 003e0000 003eb708
0x0c3df87c:   0c3df8dc 7746509a 7751de48 0c3df8c0
0x0c3df88c:   00000022 00000002 003eb678 003e0150
0x0c3df89c:   00000000 003e0000 003e2700 7a02714b 

Instructions: (pc=0x774962e0)
0x774962d0:   01 0f 85 5c 01 00 00 83 7f 4c 00 74 16 8b 47 50
0x774962e0:   31 06 8a 46 01 32 06 32 46 02 38 46 03 0f 85 eb 


Stack: [0x0c390000,0x0c3e0000],  sp=0x0c3df82c,  free space=318k
Native frames: (J=compiled Java code, j=interpreted, Vv=VM code, C=native code)
C  [ntdll.dll+0x562e0]
C  [ntdll.dll+0x56577]
C  [ntdll.dll+0x56896]
C  [kernel32.dll+0x4c4d4]
C  [msvcr71.dll+0x218a]
V  [jvm.dll+0x159207]
C  [jdwp.dll+0xa0a6]
C  [jdwp.dll+0x1a1fe]
C  [dt_socket.dll+0x1074]
C  [dt_socket.dll+0x1a88]
C  [jdwp.dll+0x1816f]
V  [jvm.dll+0x11de27]
C  [msvcr71.dll+0x9565]
C  [kernel32.dll+0x4ee6c]
C  [ntdll.dll+0x63ab3]
C  [ntdll.dll+0x63a86]


---------------  P R O C E S S  ---------------

Java Threads: ( => current thread )
  0x0bbf4400 JavaThread "TP-Processor4" daemon [_thread_blocked, id=23608, stack(0x0d450000,0x0d4a0000)]
  0x0cb23800 JavaThread "http-8080-1" daemon [_thread_blocked, id=42408, stack(0x0d310000,0x0d360000)]
  0x0c77dc00 JavaThread "http-8080-Acceptor-0" daemon [_thread_blocked, id=42964, stack(0x0d2c0000,0x0d310000)]
  0x018d0400 JavaThread "Low Memory Detector" daemon [_thread_blocked, id=41964, stack(0x0c530000,0x0c580000)]
  0x018cc000 JavaThread "CompilerThread0" daemon [_thread_blocked, id=39828, stack(0x0c4e0000,0x0c530000)]
=>0x018c1400 JavaThread "JDWP Command Reader" daemon [_thread_in_vm, id=42920, stack(0x0c390000,0x0c3e0000)]
  0x018c0c00 JavaThread "JDWP Event Helper Thread" daemon [_thread_blocked, id=36728, stack(0x0c2d0000,0x0c320000)]
  0x018bf800 JavaThread "JDWP Transport Listener: dt_socket" daemon [_thread_in_vm, id=42040, stack(0x0c280000,0x0c2d0000)]
  0x0bb20400 JavaThread "Attach Listener" daemon [_thread_blocked, id=42116, stack(0x0bd50000,0x0bda0000)]
  0x0188f800 JavaThread "Finalizer" daemon [_thread_blocked, id=41720, stack(0x0bab0000,0x0bb00000)]
  0x0188ac00 JavaThread "Reference Handler" daemon [_thread_blocked, id=41504, stack(0x0ba60000,0x0bab0000)]

Other Threads:
  0x01886800 VMThread [stack: 0x0ba10000,0x0ba60000] [id=42180]

VM state:synchronizing (normal execution)

VM Mutex/Monitor currently owned by a thread:  ([mutex/lock_event])
[0x003e8610] UNKNOWN - owner thread: 0x01886800
[0x003e8a70] UNKNOWN - owner thread: 0x003ea400

Heap
 def new generation   total 960K, used 17K [0x03970000, 0x03a70000, 0x03e50000)
  eden space 896K,   2% used [0x03970000, 0x039747c0, 0x03a50000)
  from space 64K,   0% used [0x03a50000, 0x03a50000, 0x03a60000)
  to   space 64K,   0% used [0x03a60000, 0x03a60000, 0x03a70000)
 tenured generation   total 10532K, used 6318K [0x03e50000, 0x04899000, 0x07970000)
   the space 10532K,  59% used [0x03e50000, 0x0447bbc0, 0x0447bc00, 0x04899000)
 compacting perm gen  total 24832K, used 24577K [0x07970000, 0x091b0000, 0x0b970000)
   the space 24832K,  98% used [0x07970000, 0x091705c0, 0x09170600, 0x091b0000)
No shared spaces configured.

Dynamic libraries:
0x00400000 - 0x00424000 	C:\Users\Administrator\AppData\Local\Genuitec\Common\binary\com.sun.java.jdk.win32.x86_1.6.0.013\bin\javaw.exe
0x77440000 - 0x77581000 	C:\Windows\SYSTEM32\ntdll.dll
0x775b0000 - 0x77684000 	C:\Windows\system32\kernel32.dll
0x75420000 - 0x7546b000 	C:\Windows\system32\KERNELBASE.dll
0x76cd0000 - 0x76d71000 	C:\Windows\system32\ADVAPI32.dll
0x76ee0000 - 0x76f8c000 	C:\Windows\system32\msvcrt.dll
0x767d0000 - 0x767e9000 	C:\Windows\SYSTEM32\sechost.dll
0x75610000 - 0x756b2000 	C:\Windows\system32\RPCRT4.dll
0x76310000 - 0x763d9000 	C:\Windows\system32\USER32.dll
0x76470000 - 0x764be000 	C:\Windows\system32\GDI32.dll
0x77590000 - 0x7759a000 	C:\Windows\system32\LPK.dll
0x77040000 - 0x770dd000 	C:\Windows\system32\USP10.dll
0x769c0000 - 0x769df000 	C:\Windows\system32\IMM32.DLL
0x764c0000 - 0x7658c000 	C:\Windows\system32\MSCTF.dll
0x7c340000 - 0x7c396000 	C:\Users\Administrator\AppData\Local\Genuitec\Common\binary\com.sun.java.jdk.win32.x86_1.6.0.013\jre\bin\msvcr71.dll
0x6d8b0000 - 0x6db06000 	C:\Users\Administrator\AppData\Local\Genuitec\Common\binary\com.sun.java.jdk.win32.x86_1.6.0.013\jre\bin\client\jvm.dll
0x75360000 - 0x75392000 	C:\Windows\system32\WINMM.dll
0x74fa0000 - 0x74fec000 	C:\Windows\system32\apphelp.dll
0x6d340000 - 0x6d348000 	C:\Users\Administrator\AppData\Local\Genuitec\Common\binary\com.sun.java.jdk.win32.x86_1.6.0.013\jre\bin\hpi.dll
0x76ff0000 - 0x76ff5000 	C:\Windows\system32\PSAPI.DLL
0x6d430000 - 0x6d459000 	C:\Users\Administrator\AppData\Local\Genuitec\Common\binary\com.sun.java.jdk.win32.x86_1.6.0.013\jre\bin\jdwp.dll
0x6d750000 - 0x6d756000 	C:\Users\Administrator\AppData\Local\Genuitec\Common\binary\com.sun.java.jdk.win32.x86_1.6.0.013\jre\bin\npt.dll
0x6d860000 - 0x6d86c000 	C:\Users\Administrator\AppData\Local\Genuitec\Common\binary\com.sun.java.jdk.win32.x86_1.6.0.013\jre\bin\verify.dll
0x6d3e0000 - 0x6d3ff000 	C:\Users\Administrator\AppData\Local\Genuitec\Common\binary\com.sun.java.jdk.win32.x86_1.6.0.013\jre\bin\java.dll
0x6d8a0000 - 0x6d8af000 	C:\Users\Administrator\AppData\Local\Genuitec\Common\binary\com.sun.java.jdk.win32.x86_1.6.0.013\jre\bin\zip.dll
0x6d2b0000 - 0x6d2b7000 	C:\Users\Administrator\AppData\Local\Genuitec\Common\binary\com.sun.java.jdk.win32.x86_1.6.0.013\jre\bin\dt_socket.dll
0x77000000 - 0x77035000 	C:\Windows\system32\WS2_32.dll
0x775a0000 - 0x775a6000 	C:\Windows\system32\NSI.dll
0x74340000 - 0x74350000 	C:\Windows\system32\NLAapi.dll
0x6c5a0000 - 0x6c5b0000 	C:\Windows\system32\napinsp.dll
0x6c580000 - 0x6c592000 	C:\Windows\system32\pnrpnsp.dll
0x74aa0000 - 0x74adc000 	C:\Windows\System32\mswsock.dll
0x74960000 - 0x749a4000 	C:\Windows\system32\DNSAPI.dll
0x6c570000 - 0x6c578000 	C:\Windows\System32\winrnr.dll
0x74430000 - 0x7444c000 	C:\Windows\system32\IPHLPAPI.DLL
0x743c0000 - 0x743c7000 	C:\Windows\system32\WINNSI.DLL
0x72a40000 - 0x72a78000 	C:\Windows\System32\fwpuclnt.dll
0x6c560000 - 0x6c566000 	C:\Windows\system32\rasadhlp.dll
0x745e0000 - 0x7461e000 	C:\Users\Public\FunAcce\FunAcce.dll
0x76f90000 - 0x76fe7000 	C:\Windows\system32\SHLWAPI.dll
0x752d0000 - 0x752ff000 	C:\Windows\system32\WINTRUST.dll
0x751a0000 - 0x752c1000 	C:\Windows\system32\CRYPT32.dll
0x750d0000 - 0x750dc000 	C:\Windows\system32\MSASN1.dll
0x745d0000 - 0x745d9000 	C:\Windows\system32\VERSION.dll
0x756c0000 - 0x7630b000 	C:\Windows\system32\SHELL32.dll
0x76d80000 - 0x76edc000 	C:\Windows\system32\ole32.dll
0x74f80000 - 0x74f9b000 	C:\Windows\system32\SspiCli.dll
0x74450000 - 0x74455000 	C:\Windows\System32\wshtcpip.dll
0x6d6c0000 - 0x6d6d3000 	C:\Users\Administrator\AppData\Local\Genuitec\Common\binary\com.sun.java.jdk.win32.x86_1.6.0.013\jre\bin\net.dll
0x74a90000 - 0x74a96000 	C:\Windows\System32\wship6.dll

VM Arguments:
jvm_args: -agentlib:jdwp=transport=dt_socket,suspend=y,address=localhost:59754 -Dcatalina.home=E:\java\tomcat\Tomcat6.0 -Dcatalina.base=E:\java\tomcat\Tomcat6.0 -Djava.endorsed.dirs=E:\java\tomcat\Tomcat6.0/common/endorsed -Djava.io.tmpdir=E:\java\tomcat\Tomcat6.0\temp -Djava.library.path=C:\Users\Administrator\AppData\Local\Genuitec\Common\binary\com.sun.java.jdk.win32.x86_1.6.0.013\bin;E:\java\tomcat\Tomcat6.0\bin -Dsun.io.useCanonCaches=false 
java_command: org.apache.catalina.startup.Bootstrap start
Launcher Type: SUN_STANDARD

Environment Variables:
JAVA_HOME=E:\java\jdk1.7
CLASSPATH=.;E:\java\jdk1.7\lib\dt.jar;E:\java\jdk1.7\lib\tools.jar;
PATH=C:\Users\Administrator\AppData\Local\Genuitec\Common\binary\com.sun.java.jdk.win32.x86_1.6.0.013\jre\bin;C:/Users/Administrator/AppData/Local/Genuitec/Common/binary/com.sun.java.jdk.win32.x86_1.6.0.013/jre/bin/client;C:/Users/Administrator/AppData/Local/Genuitec/Common/binary/com.sun.java.jdk.win32.x86_1.6.0.013/jre/bin;C:\Program Files\AMD APP\bin\x86;E:\java\jdk1.7\bin;F:\app\Administrator\product\11.2.0\dbhome_1\BIN;
USERNAME=Administrator
OS=Windows_NT
PROCESSOR_IDENTIFIER=x86 Family 6 Model 42 Stepping 7, GenuineIntel



---------------  S Y S T E M  ---------------

OS: Windows NT 6.1 Build 7601 Service Pack 1

CPU:total 4 (8 cores per cpu, 2 threads per core) family 6 model 10 stepping 7, cmov, cx8, fxsr, mmx, sse, sse2, sse3, ssse3, ht

Memory: 4k page, physical 2097151k(706828k free), swap 4194303k(2504708k free)

vm_info: Java HotSpot(TM) Client VM (11.3-b02) for windows-x86 JRE (1.6.0_13-b03), built on Mar  9 2009 01:15:24 by "java_re" with MS VC++ 7.1

time: Thu Oct 29 15:00:18 2015
elapsed time: 72 seconds

